    OpenRGB v0.9+ (1.0rc2)
    Commit:  from 
    Launched: 20260227_000438
====================================================================================================

52    |Info:    [ResourceManager] Initializing HID interfaces: Success
52    |Info:    ------------------------------------------------------
52    |Info:    |               Start device detection               |
52    |Info:    ------------------------------------------------------
70    |Info:    ------------------------------------------------------
70    |Info:    |             Detecting I2C interfaces               |
70    |Info:    ------------------------------------------------------
70    |Info:    [ResourceManager] Registering I2C interface: /dev/i2c-3 Device 10DE:2C02 Subsystem: 10DE:2095
70    |Info:    [ResourceManager] Registering I2C interface: /dev/i2c-10 Device 1002:164E Subsystem: 1849:364E
70    |Info:    [ResourceManager] Registering I2C interface: /dev/i2c-1 Device 0000:0000 Subsystem: 0000:0000
70    |Info:    [ResourceManager] Registering I2C interface: /dev/i2c-8 Device 1002:164E Subsystem: 1849:364E
70    |Info:    [ResourceManager] Registering I2C interface: /dev/i2c-15 Device 1022:790B Subsystem: 1849:790B
70    |Info:    [ResourceManager] Registering I2C interface: /dev/i2c-6 Device 10DE:2C02 Subsystem: 10DE:2095
71    |Warning: [i2c_smbus_linux] Failed to read i2c device PCI device ID
71    |Info:    [ResourceManager] Registering I2C interface: /dev/i2c-13 Device 0000:0000 Subsystem: 0000:0000
71    |Info:    [ResourceManager] Registering I2C interface: /dev/i2c-4 Device 10DE:2C02 Subsystem: 10DE:2095
71    |Warning: [i2c_smbus_linux] Failed to read i2c device PCI device ID
71    |Info:    [ResourceManager] Registering I2C interface: /dev/i2c-11 Device 0000:0000 Subsystem: 0000:0000
71    |Info:    [ResourceManager] Registering I2C interface: /dev/i2c-2 Device 10DE:2C02 Subsystem: 10DE:2095
71    |Info:    [ResourceManager] Registering I2C interface: /dev/i2c-0 Device 0000:0000 Subsystem: 0000:0000
71    |Info:    [ResourceManager] Registering I2C interface: /dev/i2c-9 Device 1002:164E Subsystem: 1849:364E
71    |Info:    [ResourceManager] Registering I2C interface: /dev/i2c-16 Device 1022:790B Subsystem: 1849:790B
71    |Info:    [ResourceManager] Registering I2C interface: /dev/i2c-7 Device 1002:164E Subsystem: 1849:364E
71    |Info:    [ResourceManager] Registering I2C interface: /dev/i2c-14 Device 1022:790B Subsystem: 1849:790B
71    |Info:    [ResourceManager] Registering I2C interface: /dev/i2c-5 Device 10DE:2C02 Subsystem: 10DE:2095
71    |Info:    [ResourceManager] Registering I2C interface: /dev/i2c-MSFT8000:00 Device 0000:0000 Subsystem: 0000:0000
71    |Warning: [i2c_smbus_linux] Failed to read i2c device PCI device ID
71    |Info:    [ResourceManager] Registering I2C interface: /dev/i2c-12 Device 0000:0000 Subsystem: 0000:0000
71    |Info:    ------------------------------------------------------
71    |Info:    |               Detecting I2C devices                |
71    |Info:    ------------------------------------------------------
918   |Info:    ------------------------------------------------------
918   |Info:    |            Detecting I2C DIMM modules              |
918   |Info:    ------------------------------------------------------
973   |Info:    [ResourceManager] Detected occupied slot 2, bus 14, type DDR5
976   |Info:    [ResourceManager] Detected occupied slot 4, bus 14, type DDR5
990   |Info:    ------------------------------------------------------
990   |Info:    |               Detecting I2C PCI devices            |
990   |Info:    ------------------------------------------------------
991   |Info:    ------------------------------------------------------
991   |Info:    |               Detecting HID devices                |
991   |Info:    ------------------------------------------------------
992   |Info:    [Sony DualSense] Registering RGB controller
2234  |Info:    [G Pro Wireless Gaming Mouse] Registering RGB controller
2429  |Info:    [Corsair iCUE Link System Hub] Registering RGB controller
2454  |Info:    [ASRock B650M Pro RS WiFi] Registering RGB controller
2454  |Info:    ------------------------------------------------------
2454  |Info:    |            Detecting libusb HID devices            |
2454  |Info:    ------------------------------------------------------
2565  |Info:    ------------------------------------------------------
2565  |Info:    |              Detecting other devices               |
2565  |Info:    ------------------------------------------------------
2612  |Info:    [NVIDIA GeForce RTX 5080 FE] Registering RGB controller
2624  |Info:    [ResourceManager] Calling Post-detection callbacks
2624  |Info:    ------------------------------------------------------
2624  |Info:    |                Detection completed                 |
2624  |Info:    ------------------------------------------------------
2624  |Dialog:  <h2>Some internal devices may not be detected:</h2><p>One or more I2C or SMBus interfaces failed to initialize.</p><p><b>RGB DRAM modules, some motherboards' onboard RGB lighting, and RGB Graphics Cards, will not be available in OpenRGB</b> without I2C or SMBus.</p><h4>How to fix this:</h4><p>On Linux, this is usually because the i2c-dev module is not loaded.</p><p>You must load the i2c-dev module along with the correct i2c driver for your motherboard. This is usually i2c-piix4 for AMD systems and i2c-i801 for Intel systems.</p><p>See <a href='https://help.openrgb.org/'>help.openrgb.org</a> for additional troubleshooting steps if you keep seeing this message.<br></p><h3>If you are not using internal RGB on a desktop this message is not important to you.</h3>
38893 |Info:    [ProfileManager] Found file: lightblue.orp attempting to validate header
38893 |Info:    [ProfileManager] Valid v5 profile found for lightblue
