    OpenRGB v0.9+ (1.0rc2)
    Commit:  from 
    Launched: 20260227_000353
====================================================================================================

52    |Info:    [ResourceManager] Saving detector settings
53    |Info:    [ResourceManager] Initializing HID interfaces: Success
53    |Info:    ------------------------------------------------------
53    |Info:    |               Start device detection               |
53    |Info:    ------------------------------------------------------
72    |Info:    ------------------------------------------------------
72    |Info:    |             Detecting I2C interfaces               |
72    |Info:    ------------------------------------------------------
73    |Info:    [ResourceManager] Registering I2C interface: /dev/i2c-3 Device 10DE:2C02 Subsystem: 10DE:2095
73    |Info:    [ResourceManager] Registering I2C interface: /dev/i2c-10 Device 1002:164E Subsystem: 1849:364E
73    |Info:    [ResourceManager] Registering I2C interface: /dev/i2c-1 Device 0000:0000 Subsystem: 0000:0000
73    |Info:    [ResourceManager] Registering I2C interface: /dev/i2c-8 Device 1002:164E Subsystem: 1849:364E
73    |Info:    [ResourceManager] Registering I2C interface: /dev/i2c-15 Device 1022:790B Subsystem: 1849:790B
73    |Info:    [ResourceManager] Registering I2C interface: /dev/i2c-6 Device 10DE:2C02 Subsystem: 10DE:2095
73    |Warning: [i2c_smbus_linux] Failed to read i2c device PCI device ID
73    |Info:    [ResourceManager] Registering I2C interface: /dev/i2c-13 Device 0000:0000 Subsystem: 0000:0000
73    |Info:    [ResourceManager] Registering I2C interface: /dev/i2c-4 Device 10DE:2C02 Subsystem: 10DE:2095
73    |Warning: [i2c_smbus_linux] Failed to read i2c device PCI device ID
73    |Info:    [ResourceManager] Registering I2C interface: /dev/i2c-11 Device 0000:0000 Subsystem: 0000:0000
73    |Info:    [ResourceManager] Registering I2C interface: /dev/i2c-2 Device 10DE:2C02 Subsystem: 10DE:2095
73    |Info:    [ResourceManager] Registering I2C interface: /dev/i2c-0 Device 0000:0000 Subsystem: 0000:0000
73    |Info:    [ResourceManager] Registering I2C interface: /dev/i2c-9 Device 1002:164E Subsystem: 1849:364E
73    |Info:    [ResourceManager] Registering I2C interface: /dev/i2c-16 Device 1022:790B Subsystem: 1849:790B
73    |Info:    [ResourceManager] Registering I2C interface: /dev/i2c-7 Device 1002:164E Subsystem: 1849:364E
73    |Info:    [ResourceManager] Registering I2C interface: /dev/i2c-14 Device 1022:790B Subsystem: 1849:790B
73    |Info:    [ResourceManager] Registering I2C interface: /dev/i2c-5 Device 10DE:2C02 Subsystem: 10DE:2095
73    |Info:    [ResourceManager] Registering I2C interface: /dev/i2c-MSFT8000:00 Device 0000:0000 Subsystem: 0000:0000
73    |Warning: [i2c_smbus_linux] Failed to read i2c device PCI device ID
73    |Info:    [ResourceManager] Registering I2C interface: /dev/i2c-12 Device 0000:0000 Subsystem: 0000:0000
73    |Info:    ------------------------------------------------------
73    |Info:    |               Detecting I2C devices                |
73    |Info:    ------------------------------------------------------
920   |Info:    ------------------------------------------------------
920   |Info:    |            Detecting I2C DIMM modules              |
920   |Info:    ------------------------------------------------------
1977  |Info:    [ResourceManager] Detected occupied slot 2, bus 14, type DDR5
2953  |Info:    [ResourceManager] Detected occupied slot 4, bus 14, type DDR5
2966  |Info:    ------------------------------------------------------
2967  |Info:    |               Detecting I2C PCI devices            |
2967  |Info:    ------------------------------------------------------
2968  |Info:    ------------------------------------------------------
2968  |Info:    |               Detecting HID devices                |
2968  |Info:    ------------------------------------------------------
2968  |Info:    [Sony DualSense] Registering RGB controller
3535  |Info:    [G Pro Wireless Gaming Mouse] Registering RGB controller
3724  |Info:    [Corsair iCUE Link System Hub] Registering RGB controller
3751  |Info:    [ASRock B650M Pro RS WiFi] Registering RGB controller
3751  |Info:    ------------------------------------------------------
3751  |Info:    |            Detecting libusb HID devices            |
3751  |Info:    ------------------------------------------------------
3861  |Info:    ------------------------------------------------------
3861  |Info:    |              Detecting other devices               |
3861  |Info:    ------------------------------------------------------
3911  |Info:    [NVIDIA GeForce RTX 5080 FE] Registering RGB controller
3922  |Info:    [ResourceManager] Calling Post-detection callbacks
3922  |Info:    ------------------------------------------------------
3922  |Info:    |                Detection completed                 |
3922  |Info:    ------------------------------------------------------
3922  |Dialog:  <h2>Some internal devices may not be detected:</h2><p>One or more I2C or SMBus interfaces failed to initialize.</p><p><b>RGB DRAM modules, some motherboards' onboard RGB lighting, and RGB Graphics Cards, will not be available in OpenRGB</b> without I2C or SMBus.</p><h4>How to fix this:</h4><p>On Linux, this is usually because the i2c-dev module is not loaded.</p><p>You must load the i2c-dev module along with the correct i2c driver for your motherboard. This is usually i2c-piix4 for AMD systems and i2c-i801 for Intel systems.</p><p>See <a href='https://help.openrgb.org/'>help.openrgb.org</a> for additional troubleshooting steps if you keep seeing this message.<br></p><h3>If you are not using internal RGB on a desktop this message is not important to you.</h3>
